Using pre-set license
Built from '2021.3/staging' branch; Version is '2021.3.6f1 (7da38d85baf6) revision 8233869'; Using compiler version '192829333'; Build Type 'Release'
OS: 'Windows 11  (10.0.22000) 64bit Education' Language: 'ja' Physical Memory: 65446 MB
BatchMode: 1, IsHumanControllingUs: 0, StartBugReporterOnCrash: 0, Is64bit: 1, IsPro: 1

COMMAND LINE ARGUMENTS:
C:\Program Files\Unity\Hub\Editor\2021.3.6f1\Editor\Unity.exe
-adb2
-batchMode
-noUpm
-name
AssetImportWorker0
-projectPath
C:/Users/riong/WORKSPACE_M.2/JoyFlick_VR2
-logFile
Logs/AssetImportWorker0.log
-srvPort
57074
Successfully changed project path to: C:/Users/riong/WORKSPACE_M.2/JoyFlick_VR2
C:/Users/riong/WORKSPACE_M.2/JoyFlick_VR2
[UnityMemory] Configuration Parameters - Can be set up in boot.config
    "memorysetup-bucket-allocator-granularity=16"
    "memorysetup-bucket-allocator-bucket-count=8"
    "memorysetup-bucket-allocator-block-size=33554432"
    "memorysetup-bucket-allocator-block-count=8"
    "memorysetup-main-allocator-block-size=16777216"
    "memorysetup-thread-allocator-block-size=16777216"
    "memorysetup-gfx-main-allocator-block-size=16777216"
    "memorysetup-gfx-thread-allocator-block-size=16777216"
    "memorysetup-cache-allocator-block-size=4194304"
    "memorysetup-typetree-allocator-block-size=2097152"
    "memorysetup-profiler-bucket-allocator-granularity=16"
    "memorysetup-profiler-bucket-allocator-bucket-count=8"
    "memorysetup-profiler-bucket-allocator-block-size=33554432"
    "memorysetup-profiler-bucket-allocator-block-count=8"
    "memorysetup-profiler-allocator-block-size=16777216"
    "memorysetup-profiler-editor-allocator-block-size=1048576"
    "memorysetup-temp-allocator-size-main=16777216"
    "memorysetup-job-temp-allocator-block-size=2097152"
    "memorysetup-job-temp-allocator-block-size-background=1048576"
    "memorysetup-job-temp-allocator-reduction-small-platforms=262144"
    "memorysetup-temp-allocator-size-background-worker=32768"
    "memorysetup-temp-allocator-size-job-worker=262144"
    "memorysetup-temp-allocator-size-preload-manager=33554432"
    "memorysetup-temp-allocator-size-nav-mesh-worker=65536"
    "memorysetup-temp-allocator-size-audio-worker=65536"
    "memorysetup-temp-allocator-size-cloud-worker=32768"
    "memorysetup-temp-allocator-size-gi-baking-worker=262144"
    "memorysetup-temp-allocator-size-gfx=262144"
Refreshing native plugins compatible for Editor in 72.89 ms, found 6 plugins.
Preloading 1 native plugins for Editor in 0.71 ms.
Initialize engine version: 2021.3.6f1 (7da38d85baf6)
[Subsystems] Discovering subsystems at path C:/Program Files/Unity/Hub/Editor/2021.3.6f1/Editor/Data/Resources/UnitySubsystems
[Subsystems] Discovering subsystems at path C:/Users/riong/WORKSPACE_M.2/JoyFlick_VR2/Assets
GfxDevice: creating device client; threaded=0; jobified=0
Direct3D:
    Version:  Direct3D 11.0 [level 11.1]
    Renderer: NVIDIA GeForce RTX 2070 SUPER (ID=0x1e84)
    Vendor:   NVIDIA
    VRAM:     8012 MB
    Driver:   31.0.15.1659
Shader 'Oculus/OVRMRCameraFrameLit': fallback shader 'Alpha-Diffuse' not found
Initialize mono
Mono path[0] = 'C:/Program Files/Unity/Hub/Editor/2021.3.6f1/Editor/Data/Managed'
Mono path[1] = 'C:/Program Files/Unity/Hub/Editor/2021.3.6f1/Editor/Data/MonoBleedingEdge/lib/mono/unityjit-win32'
Mono config path = 'C:/Program Files/Unity/Hub/Editor/2021.3.6f1/Editor/Data/MonoBleedingEdge/etc'
Using monoOptions --debugger-agent=transport=dt_socket,embedding=1,server=y,suspend=n,address=127.0.0.1:56336
Begin MonoManager ReloadAssembly
Registering precompiled unity dll's ...
Register platform support module: C:/Program Files/Unity/Hub/Editor/2021.3.6f1/Editor/Data/PlaybackEngines/AndroidPlayer/UnityEditor.Android.Extensions.dll
Register platform support module: C:/Program Files/Unity/Hub/Editor/2021.3.6f1/Editor/Data/PlaybackEngines/WindowsStandaloneSupport/UnityEditor.WindowsStandalone.Extensions.dll
Registered in 0.003575 seconds.
Native extension for WindowsStandalone target not found
Native extension for Android target not found
Refreshing native plugins compatible for Editor in 71.88 ms, found 6 plugins.
Preloading 1 native plugins for Editor in 0.06 ms.
Mono: successfully reloaded assembly
- Completed reload, in  0.548 seconds
Domain Reload Profiling:
	ReloadAssembly (549ms)
		BeginReloadAssembly (58ms)
			ExecutionOrderSort (0ms)
			DisableScriptedObjects (0ms)
			BackupInstance (0ms)
			ReleaseScriptingObjects (0ms)
			CreateAndSetChildDomain (1ms)
		EndReloadAssembly (400ms)
			LoadAssemblies (57ms)
			RebuildTransferFunctionScriptingTraits (0ms)
			SetupTypeCache (89ms)
			ReleaseScriptCaches (0ms)
			RebuildScriptCaches (25ms)
			SetupLoadedEditorAssemblies (243ms)
				LogAssemblyErrors (0ms)
				InitializePlatformSupportModulesInManaged (46ms)
				SetLoadedEditorAssemblies (0ms)
				RefreshPlugins (72ms)
				BeforeProcessingInitializeOnLoad (1ms)
				ProcessInitializeOnLoadAttributes (83ms)
				ProcessInitializeOnLoadMethodAttributes (41ms)
				AfterProcessingInitializeOnLoad (0ms)
				EditorAssembliesLoaded (0ms)
			ExecutionOrderSort2 (0ms)
			AwakeInstancesAfterBackupRestoration (0ms)
Platform modules already initialized, skipping
Registering precompiled user dll's ...
Registered in 0.004687 seconds.
Android Extension - Scanning For ADB Devices 684 ms
Begin MonoManager ReloadAssembly
Symbol file LoadedFromMemory doesn't match image C:\Users\riong\WORKSPACE_M.2\JoyFlick_VR2\Library\PackageCache\com.unity.visualscripting@1.7.8\Editor\VisualScripting.Core\Dependencies\YamlDotNet\Unity.VisualScripting.YamlDotNet.dll
Symbol file LoadedFromMemory doesn't match image C:\Users\riong\WORKSPACE_M.2\JoyFlick_VR2\Library\PackageCache\com.unity.visualscripting@1.7.8\Editor\VisualScripting.Core\Dependencies\DotNetZip\Unity.VisualScripting.IonicZip.dll
Native extension for WindowsStandalone target not found
Native extension for Android target not found
Refreshing native plugins compatible for Editor in 0.74 ms, found 6 plugins.
Preloading 1 native plugins for Editor in 0.09 ms.
Package Manager log level set to [2]
[XR] OculusXRPlugin: registering subsystems
[XR] Unable to register display lifecyle provider: [1]
[XR] Oculus Input lifecycle provider registered.
[XR] Unable to register input lifecyle provider: [1]
[XR] OVRP version 1.65.0
Mono: successfully reloaded assembly
- Completed reload, in  0.852 seconds
Domain Reload Profiling:
	ReloadAssembly (853ms)
		BeginReloadAssembly (103ms)
			ExecutionOrderSort (0ms)
			DisableScriptedObjects (6ms)
			BackupInstance (0ms)
			ReleaseScriptingObjects (0ms)
			CreateAndSetChildDomain (18ms)
		EndReloadAssembly (651ms)
			LoadAssemblies (63ms)
			RebuildTransferFunctionScriptingTraits (0ms)
			SetupTypeCache (199ms)
			ReleaseScriptCaches (1ms)
			RebuildScriptCaches (45ms)
			SetupLoadedEditorAssemblies (304ms)
				LogAssemblyErrors (0ms)
				InitializePlatformSupportModulesInManaged (10ms)
				SetLoadedEditorAssemblies (0ms)
				RefreshPlugins (1ms)
				BeforeProcessingInitializeOnLoad (70ms)
				ProcessInitializeOnLoadAttributes (190ms)
				ProcessInitializeOnLoadMethodAttributes (29ms)
				AfterProcessingInitializeOnLoad (4ms)
				EditorAssembliesLoaded (0ms)
			ExecutionOrderSort2 (0ms)
			AwakeInstancesAfterBackupRestoration (5ms)
Platform modules already initialized, skipping
========================================================================
Worker process is ready to serve import requests
Shader 'Oculus/OVRMRCameraFrameLit': fallback shader 'Alpha-Diffuse' not found
Launched and connected shader compiler UnityShaderCompiler.exe after 0.07 seconds
Refreshing native plugins compatible for Editor in 0.95 ms, found 6 plugins.
Preloading 1 native plugins for Editor in 0.09 ms.
Unloading 3504 Unused Serialized files (Serialized files now loaded: 0)
Unloading 33 unused Assets / (55.9 KB). Loaded Objects now: 3966.
Memory consumption went from 128.0 MB to 128.0 MB.
Total: 4.167100 ms (FindLiveObjects: 0.333400 ms CreateObjectMapping: 0.104200 ms MarkObjects: 3.614400 ms  DeleteObjects: 0.113800 ms)

AssetImportParameters requested are different than current active one (requested -> active):
  custom:video-decoder-ogg-theora: a1e56fd34408186e4bbccfd4996cb3dc -> 
  custom:container-muxer-webm: aa71ff27fc2769a1b78a27578f13a17b -> 
  custom:container-demuxer-webm: 4f35f7cbe854078d1ac9338744f61a02 -> 
  custom:video-encoder-webm-vp8: eb34c28f22e8b96e1ab97ce403110664 -> 
  custom:video-codec-MediaFoundation-h265: e54d7ab0439102e2317fc1e4b246158d -> 
  custom:audio-encoder-webm-vorbis: bf7c407c2cedff20999df2af8eb42d56 -> 
  custom:framework-win-MediaFoundation: 216162199b28c13a410421893ffa2e32 -> 
  custom:container-demuxer-ogg: 62fdf1f143b41e24485cea50d1cbac27 -> 
  custom:video-decoder-webm-vp8: 9c59270c3fd7afecdb556c50c9e8de78 -> 
  custom:audio-decoder-ogg-vorbis: bf7c407c2cedff20999df2af8eb42d56 -> 
========================================================================
Received Import Request.
  Time since last request: 54868.941469 seconds.
  path: Assets/Steering_Law/Scenes/sample.scenetemplate
  artifactKey: Guid(cc3a6fb2781d1aa4f891df196f7682c2) Importer(815301076,1909f56bfc062723c751e8b465ee728b)
Start importing Assets/Steering_Law/Scenes/sample.scenetemplate using Guid(cc3a6fb2781d1aa4f891df196f7682c2) Importer(815301076,1909f56bfc062723c751e8b465ee728b)  -> (artifact id: '86e0c39c2ab20361dcf4073f31f0e452') in 0.629323 seconds 
========================================================================
Received Import Request.
  Time since last request: 0.782025 seconds.
  path: Assets/Steering_Law/Scenes/sample2.unity
  artifactKey: Guid(b85b4ce23693cc54d97d63b90fa2dd3d) Importer(815301076,1909f56bfc062723c751e8b465ee728b)
Start importing Assets/Steering_Law/Scenes/sample2.unity using Guid(b85b4ce23693cc54d97d63b90fa2dd3d) Importer(815301076,1909f56bfc062723c751e8b465ee728b)  -> (artifact id: 'fd8b933b9ea8d7ef4bb115f0441abcfe') in 0.001127 seconds 
========================================================================
Received Import Request.
  Time since last request: 12.083201 seconds.
  path: Assets/Materials/bubble_screen.mat
  artifactKey: Guid(569d055d8d36a0549981b549934e814e) Importer(815301076,1909f56bfc062723c751e8b465ee728b)
Start importing Assets/Materials/bubble_screen.mat using Guid(569d055d8d36a0549981b549934e814e) Importer(815301076,1909f56bfc062723c751e8b465ee728b)  -> (artifact id: '0086cd27bfa4f983cf4321629d94e848') in 0.230174 seconds 
========================================================================
Received Import Request.
  Time since last request: 3.686427 seconds.
  path: Assets/Steering_Law
  artifactKey: Guid(36c52133af52ec64f9f8d4ca92a241b9) Importer(815301076,1909f56bfc062723c751e8b465ee728b)
Start importing Assets/Steering_Law using Guid(36c52133af52ec64f9f8d4ca92a241b9) Importer(815301076,1909f56bfc062723c751e8b465ee728b)  -> (artifact id: '7c7dd310b5bc1fabfba73531c2ed1263') in 0.001206 seconds 
========================================================================
Received Import Request.
  Time since last request: 2.443118 seconds.
  path: Assets/Steering_Law/Sources
  artifactKey: Guid(e49265de5d1a41a4ea424f424821a99c) Importer(815301076,1909f56bfc062723c751e8b465ee728b)
Start importing Assets/Steering_Law/Sources using Guid(e49265de5d1a41a4ea424f424821a99c) Importer(815301076,1909f56bfc062723c751e8b465ee728b)  -> (artifact id: '90310fa7b62a3dd9a9d3c7f427feaded') in 0.001402 seconds 
========================================================================
Received Import Request.
  Time since last request: 0.072064 seconds.
  path: Assets/Steering_Law/Sources/NG.mp3
  artifactKey: Guid(a35831470ce2c0542912ee3a4441cb1e) Importer(815301076,1909f56bfc062723c751e8b465ee728b)
Start importing Assets/Steering_Law/Sources/NG.mp3 using Guid(a35831470ce2c0542912ee3a4441cb1e) Importer(815301076,1909f56bfc062723c751e8b465ee728b)  -> (artifact id: 'cda03c88c3411317b9c05ee58dbe1681') in 0.043444 seconds 
========================================================================
Received Import Request.
  Time since last request: 0.000017 seconds.
  path: Assets/Steering_Law/Sources/OK.wav
  artifactKey: Guid(e5d14989437a1ce41b789b869dc37340) Importer(815301076,1909f56bfc062723c751e8b465ee728b)
Start importing Assets/Steering_Law/Sources/OK.wav using Guid(e5d14989437a1ce41b789b869dc37340) Importer(815301076,1909f56bfc062723c751e8b465ee728b)  -> (artifact id: '0a11006d6602a575954f8d0fff98413b') in 0.009410 seconds 
========================================================================
Received Import Request.
  Time since last request: 0.000018 seconds.
  path: Assets/Steering_Law/Sources/OK.mp3
  artifactKey: Guid(d56e48ce77b51d44f99cacb8e9f29906) Importer(815301076,1909f56bfc062723c751e8b465ee728b)
Start importing Assets/Steering_Law/Sources/OK.mp3 using Guid(d56e48ce77b51d44f99cacb8e9f29906) Importer(815301076,1909f56bfc062723c751e8b465ee728b)  -> (artifact id: 'cae9ebf0d1f5b1ad6fc916b2e37815c4') in 0.006673 seconds 
========================================================================
Received Import Request.
  Time since last request: 2.297150 seconds.
  path: Assets/Steering_Law/Scripts
  artifactKey: Guid(7c4405283e0418a4cb91d5057bb3fc92) Importer(815301076,1909f56bfc062723c751e8b465ee728b)
Start importing Assets/Steering_Law/Scripts using Guid(7c4405283e0418a4cb91d5057bb3fc92) Importer(815301076,1909f56bfc062723c751e8b465ee728b)  -> (artifact id: '9a02579051d141554a020b659ca85211') in 0.001571 seconds 
========================================================================
Received Import Request.
  Time since last request: 3.063760 seconds.
  path: Assets/Steering_Law/Scenes
  artifactKey: Guid(482590a371f697a44aaee98a718a36ee) Importer(815301076,1909f56bfc062723c751e8b465ee728b)
Start importing Assets/Steering_Law/Scenes using Guid(482590a371f697a44aaee98a718a36ee) Importer(815301076,1909f56bfc062723c751e8b465ee728b)  -> (artifact id: '86fe96ef09491f50d7e0d08444244a86') in 0.001234 seconds 
========================================================================
Received Import Request.
  Time since last request: 5.931242 seconds.
  path: Assets/Oculus/OculusProjectConfig.asset
  artifactKey: Guid(5b2439173c43caf4d8117dd088d87fca) Importer(815301076,1909f56bfc062723c751e8b465ee728b)
Start importing Assets/Oculus/OculusProjectConfig.asset using Guid(5b2439173c43caf4d8117dd088d87fca) Importer(815301076,1909f56bfc062723c751e8b465ee728b)  -> (artifact id: '271d697aa600a2f416d278e4684cb196') in 0.003964 seconds 
========================================================================
Received Import Request.
  Time since last request: 0.853721 seconds.
  path: Assets/Resources/OVRBuildConfig.asset
  artifactKey: Guid(897a026b17d5115439a45ac449824c3c) Importer(815301076,1909f56bfc062723c751e8b465ee728b)
Start importing Assets/Resources/OVRBuildConfig.asset using Guid(897a026b17d5115439a45ac449824c3c) Importer(815301076,1909f56bfc062723c751e8b465ee728b)  -> (artifact id: '69828397ec1f6549d30faf3dfa14450a') in 0.001928 seconds 
========================================================================
Received Import Request.
  Time since last request: 0.606746 seconds.
  path: Assets/recorder/MyRenderTexture.renderTexture
  artifactKey: Guid(750e2edef79bc46439c7afd301bb23d9) Importer(815301076,1909f56bfc062723c751e8b465ee728b)
Start importing Assets/recorder/MyRenderTexture.renderTexture using Guid(750e2edef79bc46439c7afd301bb23d9) Importer(815301076,1909f56bfc062723c751e8b465ee728b)  -> (artifact id: '61d98c7363b6810ef05bc4a04d997b2a') in 0.014778 seconds 
========================================================================
Received Import Request.
  Time since last request: 1.104709 seconds.
  path: Assets/recorder/recoder.unity
  artifactKey: Guid(edc755940d67908419934b893eafac28) Importer(815301076,1909f56bfc062723c751e8b465ee728b)
Start importing Assets/recorder/recoder.unity using Guid(edc755940d67908419934b893eafac28) Importer(815301076,1909f56bfc062723c751e8b465ee728b)  -> (artifact id: '2b0c6d3e3fadc638371b2e2e34ad7316') in 0.001295 seconds 
