
=== Thu Jun 10 14:49:40 2021

Packages were changed.
Update Mode: mergeDefaultDependencies

The following packages were added:
  com.unity.collab-proxy@1.5.7
  com.unity.ide.rider@3.0.6
  com.unity.ide.visualstudio@2.0.8
  com.unity.ide.vscode@1.2.3
  com.unity.modules.ai@1.0.0
  com.unity.modules.androidjni@1.0.0
  com.unity.modules.animation@1.0.0
  com.unity.modules.assetbundle@1.0.0
  com.unity.modules.audio@1.0.0
  com.unity.modules.cloth@1.0.0
  com.unity.modules.director@1.0.0
  com.unity.modules.imageconversion@1.0.0
  com.unity.modules.imgui@1.0.0
  com.unity.modules.jsonserialize@1.0.0
  com.unity.modules.particlesystem@1.0.0
  com.unity.modules.physics@1.0.0
  com.unity.modules.physics2d@1.0.0
  com.unity.modules.screencapture@1.0.0
  com.unity.modules.terrain@1.0.0
  com.unity.modules.terrainphysics@1.0.0
  com.unity.modules.tilemap@1.0.0
  com.unity.modules.ui@1.0.0
  com.unity.modules.uielements@1.0.0
  com.unity.modules.umbra@1.0.0
  com.unity.modules.unityanalytics@1.0.0
  com.unity.modules.unitywebrequest@1.0.0
  com.unity.modules.unitywebrequestassetbundle@1.0.0
  com.unity.modules.unitywebrequestaudio@1.0.0
  com.unity.modules.unitywebrequesttexture@1.0.0
  com.unity.modules.unitywebrequestwww@1.0.0
  com.unity.modules.vehicles@1.0.0
  com.unity.modules.video@1.0.0
  com.unity.modules.vr@1.0.0
  com.unity.modules.wind@1.0.0
  com.unity.modules.xr@1.0.0
  com.unity.test-framework@1.1.24
  com.unity.textmeshpro@3.0.6
  com.unity.timeline@1.5.5
  com.unity.ugui@1.0.0
  com.unity.visualscripting@1.6.1

=== Tue Sep 14 05:43:16 2021

Packages were changed.
Update Mode: updateDependencies

The following packages were updated:
  com.unity.collab-proxy from version 1.5.7 to 1.9.0
  com.unity.test-framework from version 1.1.27 to 1.1.29
  com.unity.xr.management from version 4.0.7 to 4.1.0
  com.unity.xr.oculus from version 1.9.1 to 1.10.0

=== Thu Sep 16 15:11:54 2021

Packages were changed.
Update Mode: updateDependencies

The following packages were updated:
  com.unity.ide.vscode from version 1.2.3 to 1.2.4

=== Thu Oct 14 14:11:28 2021

Packages were changed.
Update Mode: updateDependencies

The following packages were 更新済:
  com.unity.collab-proxy をバージョン 1.9.0 から 1.11.2 へ

=== Fri Oct 29 00:02:35 2021

Packages were changed.
Update Mode: updateDependencies

The following packages were 更新済:
  com.unity.collab-proxy をバージョン 1.11.2 から 1.13.5 へ
  com.unity.timeline をバージョン 1.5.6 から 1.6.2 へ
  com.unity.visualscripting をバージョン 1.6.1 から 1.7.2 へ

=== Fri Nov 19 07:10:18 2021

Packages were changed.
Update Mode: updateDependencies

The following packages were 更新済:
  com.unity.collab-proxy をバージョン 1.13.5 から 1.15.1 へ

=== Tue Nov 30 01:49:21 2021

Packages were changed.
Update Mode: updateDependencies

The following packages were 更新済:
  com.unity.xr.management をバージョン 4.1.0 から 4.2.0 へ
  com.unity.xr.oculus をバージョン 1.10.0 から 1.11.0 へ

=== Mon Jan 17 15:27:43 2022

Packages were changed.
Update Mode: updateDependencies

The following packages were 更新済:
  com.unity.collab-proxy をバージョン 1.15.4 から 1.15.7 へ
  com.unity.ide.rider をバージョン 3.0.7 から 3.0.9 へ

=== Fri Jun 24 06:19:35 2022

Packages were changed.
Update Mode: updateDependencies

The following packages were 更新済:
  com.unity.collab-proxy をバージョン 1.15.7 から 1.15.18 へ
  com.unity.ide.rider をバージョン 3.0.9 から 3.0.14 へ
  com.unity.ide.visualstudio をバージョン 2.0.12 から 2.0.15 へ
  com.unity.ide.vscode をバージョン 1.2.4 から 1.2.5 へ
  com.unity.test-framework をバージョン 1.1.30 から 1.1.31 へ
  com.unity.timeline をバージョン 1.6.3 から 1.6.4 へ
  com.unity.visualscripting をバージョン 1.7.6 から 1.7.8 へ
  com.unity.xr.oculus をバージョン 1.11.0 から 3.0.1 へ

=== Mon Jul 25 04:45:43 2022

Packages were changed.
Update Mode: updateDependencies

The following packages were 更新済:
  com.unity.ide.rider をバージョン 3.0.14 から 3.0.15 へ
  com.unity.ide.visualstudio をバージョン 2.0.15 から 2.0.16 へ
  com.unity.xr.oculus をバージョン 3.0.1 から 3.0.2 へ
